Arguments: 
  C:\Program Files\nodejs\node.exe D:\Program Files (x86)\Yarn\bin\yarn.js install

PATH: 
  D:\cmder\bin;D:\cmder\vendor\conemu-maximus5\ConEmu\Scripts;D:\cmder\vendor\conemu-maximus5;D:\cmder\vendor\conemu-maximus5\ConEmu;C:\Program Files (x86)\Razer Chroma SDK\bin;C:\Program Files\Razer Chroma SDK\bin;C:\Python27\;C:\Python27\Scripts;C:\app\cfang\product\11.2.0\client_1\bin;C:\app\systems\product\11.2.0\client_1;C:\ProgramData\Oracle\Java\javapath;C:\WINDOWS\system32;C:\WINDOWS;C:\WINDOWS\System32\Wbem;C:\WINDOWS\System32\WindowsPowerShell\v1.0\;C:\Program Files\TortoiseSVN\bin;C:\Program Files\Microsoft SQL Server\120\Tools\Binn\;C:\Program Files\Microsoft SQL Server\130\Tools\Binn\;C:\sublime;C:\Program Files\Git\cmd;D:\cmder;C:\Users\cfang\AppData\Roaming\nvm;C:\Program Files\nodejs;C:\ProgramData\chocolatey\bin;C:\Program Files\Java\jdk1.8.0_102\bin;C:\Program Files (x86)\Microsoft SQL Server\110\DTS\Binn\;C:\Program Files (x86)\Microsoft SQL Server\120\DTS\Binn\;C:\Program Files (x86)\Microsoft SQL Server\130\DTS\Binn\;C:\Program Files (x86)\Google\Chrome\Application\;C:\Program Files\dotnet\;C:\Program Files (x86)\Windows Kits\8.1\Windows Performance Toolkit\;C:\Program Files (x86)\GnuWin32\bin\;D:\Program Files\youtube-dl\;D:\Program Files (x86)\Diffuse\;D:\Program Files (x86)\Yarn\bin;C:\Program Files\nodejs\;C:\Program Files\PuTTY\;C:\Users\ayang\AppData\Local\Microsoft\WindowsApps;C:\Users\ayang\AppData\Roaming\npm;C:\Users\ayang\AppData\Local\Microsoft\WindowsApps;C:\Users\ayang\AppData\Roaming\npm;C:\Program Files\Git\usr\bin;C:\Program Files\Git\usr\share\vim\vim74;D:\cmder\

Yarn version: 
  0.27.5

Node version: 
  6.11.3

Platform: 
  win32 x64

npm manifest: 
  {
    "name": "ng-devhub",
    "version": "0.0.0",
    "license": "MIT",
    "scripts": {
      "ng": "ng",
      "start": "ng serve --aot",
      "hmr": "ng serve --hmr -e=hmr",
      "build": "ng build",
      "test": "ng test",
      "lint": "ng lint",
      "e2e": "ng e2e"
    },
    "private": true,
    "dependencies": {
      "@angular/animations": "^5.0.0",
      "@angular/common": "^5.0.0",
      "@angular/compiler": "^5.0.0",
      "@angular/core": "^5.0.0",
      "@angular/forms": "^5.0.0",
      "@angular/http": "^5.0.0",
      "@angular/platform-browser": "^5.0.0",
      "@angular/platform-browser-dynamic": "^5.0.0",
      "@angular/router": "^5.0.0",
      "@nebular/auth": "2.0.0-rc.3",
      "@nebular/theme": "^2.0.0-rc.3",
      "@ng-bootstrap/ng-bootstrap": "^1.0.0-beta.5",
      "bootstrap": "4.0.0-beta.2",
      "core-js": "^2.4.1",
      "font-awesome": "^4.7.0",
      "ionicons": "^3.0.0",
      "nebular-icons": "^1.0.6",
      "pace-js": "^1.0.2",
      "roboto-fontface": "^0.8.0",
      "rxjs": "^5.5.2",
      "socicon": "^3.0.5",
      "typeface-exo": "0.0.44",
      "zone.js": "^0.8.14"
    },
    "devDependencies": {
      "@angular/cli": "1.5.1",
      "@angular/compiler-cli": "^5.0.0",
      "@angular/language-service": "^5.0.0",
      "@angularclass/hmr": "^2.1.3",
      "@types/jasmine": "~2.5.53",
      "@types/jasminewd2": "~2.0.2",
      "@types/node": "~6.0.60",
      "codelyzer": "~3.2.0",
      "jasmine-core": "~2.6.2",
      "jasmine-spec-reporter": "~4.1.0",
      "karma": "~1.7.0",
      "karma-chrome-launcher": "~2.1.1",
      "karma-cli": "~1.0.1",
      "karma-coverage-istanbul-reporter": "^1.2.1",
      "karma-jasmine": "~1.1.0",
      "karma-jasmine-html-reporter": "^0.2.2",
      "protractor": "~5.1.2",
      "ts-node": "~3.2.0",
      "tslint": "~5.7.0",
      "typescript": "~2.4.2"
    }
  }

yarn manifest: 
  No manifest

Lockfile: 
  No lockfile

Trace: 
  Error: EPERM: operation not permitted, unlink 'D:\1Stop-Project\github\ng-devhub\node_modules\node-sass\vendor\win32-x64-48\binding.node'
      at Error (native)
